<?xml version="1.0" encoding="UTF-8"?>
<!-- Generated by org.testng.reporters.JUnitReportReporter -->
<testsuite skipped="0" hostname="ARANJAN-LTW7" name="com.testcase.Test_Demo" tests="1" failures="0" timestamp="07 Jun 2018 08:26:27 GMT" time="16.431" errors="0">
  <testcase name="Test_Meth" time="16.431" classname="com.testcase.Test_Demo"/>
</testsuite> <!-- com.testcase.Test_Demo -->
