<?xml version="1.0" encoding="UTF-8"?>
<!-- Generated by org.testng.reporters.JUnitReportReporter -->
<testsuite skipped="0" hostname="ARANJAN-LTW7" name="com.testcase.Test_Case" tests="1" failures="0" timestamp="08 Jun 2018 03:59:27 GMT" time="14.417" errors="0">
  <testcase name="Test_Meth" time="14.417" classname="com.testcase.Test_Case"/>
</testsuite> <!-- com.testcase.Test_Case -->
